yarn run v1.22.15
$ yarn --cwd ./server build
$ node .
info Visit https://yarnpkg.com/en/docs/cli/run for documentation about this command.
info Visit https://yarnpkg.com/en/docs/cli/run for documentation about this command.
yarn run v1.22.15
$ yarn --cwd ./server build
$ node .
info Visit https://yarnpkg.com/en/docs/cli/run for documentation about this command.
info Visit https://yarnpkg.com/en/docs/cli/run for documentation about this command.
yarn run v1.22.15
$ yarn --cwd ./server build
$ node .
info Visit https://yarnpkg.com/en/docs/cli/run for documentation about this command.
info Visit https://yarnpkg.com/en/docs/cli/run for documentation about this command.
yarn run v1.22.15
$ yarn --cwd ./server build
$ node .
info Visit https://yarnpkg.com/en/docs/cli/run for documentation about this command.
info Visit https://yarnpkg.com/en/docs/cli/run for documentation about this command.
yarn run v1.22.15
$ yarn --cwd ./server build
$ node .
yarn run v1.22.15
$ yarn --cwd ./server build
$ node .
Server is running on http://localhost:8000
yarn run v1.22.15
$ yarn --cwd ./server build
$ node .
Server is running on http://localhost:8000
yarn run v1.22.15
$ yarn --cwd ./server build
$ node .
Server is running on http://localhost:8000
yarn run v1.22.15
$ yarn --cwd ./server build
$ node .
Server is running on http://localhost:8000
yarn run v1.22.15
$ yarn --cwd ./server build
$ node .
Server is running on http://localhost:8000
yarn run v1.22.15
$ yarn --cwd ./server build
$ node .
yarn run v1.22.15
$ yarn --cwd ./server build
$ node .
Server is running on http://localhost:8000
yarn run v1.22.15
$ yarn --cwd ./server build
$ node .
Server is running on http://localhost:8000
yarn run v1.22.15
$ yarn --cwd ./server build
$ node .
Server is running on http://localhost:8000
yarn run v1.22.15
$ yarn --cwd ./server build
$ node .
Server is running on http://localhost:8000
yarn run v1.22.15
$ yarn --cwd ./server build
$ node .
Server is running on http://localhost:8000
yarn run v1.22.15
$ yarn --cwd ./server build
$ node .
Server is running on http://localhost:8000
yarn run v1.22.15
$ yarn --cwd ./server build
$ node .
Server is running on http://localhost:8000
yarn run v1.22.15
$ yarn --cwd ./server build
$ node .
Server is running on http://localhost:8000
