Error: listen EADDRINUSE: address already in use 127.0.0.1:8000
    at Server.setupListenHandle [as _listen2] (net.js:1320:16)
    at listenInCluster (net.js:1368:12)
    at GetAddrInfoReqWrap.doListen [as callback] (net.js:1505:7)
    at GetAddrInfoReqWrap.onlookup [as oncomplete] (dns.js:71:8) {
  code: 'EADDRINUSE',
  errno: -98,
  syscall: 'listen',
  address: '127.0.0.1',
  port: 8000
}
error Command failed with exit code 1.
error Command failed with exit code 1.
Error: listen EADDRINUSE: address already in use 127.0.0.1:8000
    at Server.setupListenHandle [as _listen2] (net.js:1320:16)
    at listenInCluster (net.js:1368:12)
    at GetAddrInfoReqWrap.doListen [as callback] (net.js:1505:7)
    at GetAddrInfoReqWrap.onlookup [as oncomplete] (dns.js:71:8) {
  code: 'EADDRINUSE',
  errno: -98,
  syscall: 'listen',
  address: '127.0.0.1',
  port: 8000
}
error Command failed with exit code 1.
error Command failed with exit code 1.
Error: listen EADDRINUSE: address already in use 127.0.0.1:8000
    at Server.setupListenHandle [as _listen2] (net.js:1320:16)
    at listenInCluster (net.js:1368:12)
    at GetAddrInfoReqWrap.doListen [as callback] (net.js:1505:7)
    at GetAddrInfoReqWrap.onlookup [as oncomplete] (dns.js:71:8) {
  code: 'EADDRINUSE',
  errno: -98,
  syscall: 'listen',
  address: '127.0.0.1',
  port: 8000
}
error Command failed with exit code 1.
error Command failed with exit code 1.
Error: listen EADDRINUSE: address already in use 127.0.0.1:8000
    at Server.setupListenHandle [as _listen2] (net.js:1320:16)
    at listenInCluster (net.js:1368:12)
    at GetAddrInfoReqWrap.doListen [as callback] (net.js:1505:7)
    at GetAddrInfoReqWrap.onlookup [as oncomplete] (dns.js:71:8) {
  code: 'EADDRINUSE',
  errno: -98,
  syscall: 'listen',
  address: '127.0.0.1',
  port: 8000
}
error Command failed with exit code 1.
error Command failed with exit code 1.
