yarn run v1.22.11
$ yarn --cwd ./client build && mkdir -p ./server/views && cp -u -r ./client/build/* -t ./server/views
$ react-scripts build
Creating an optimized production build...
Compiled with warnings.

src/jsx/_apiClient/socket.regular.js
  Line 1:12:  'Socket' is defined but never used  no-unused-vars

src/jsx/_hooks/service.hook.js
  Line 1:20:    'useEffect' is defined but never used  no-unused-vars
  Line 2:8:     'qs' is defined but never used         no-unused-vars
  Line 110:10:  'noService' is defined but never used  no-unused-vars

src/jsx/_hooks/table.select.hook.js
  Line 11:49:  Expected '===' and instead saw '=='                                                                                                                                                                                                                                           eqeqeq
  Line 14:50:  Expected '!==' and instead saw '!='                                                                                                                                                                                                                                           eqeqeq
  Line 25:42:  Expected '===' and instead saw '=='                                                                                                                                                                                                                                           eqeqeq
  Line 28:6:   React Hook useEffect has a missing dependency: 'data?.length'. Either include it or remove the dependency array. If 'setIsAllSelected' needs the current value of 'data.length', you can also switch to useReducer instead of useState and read 'data.length' in the reducer  react-hooks/exhaustive-deps

src/jsx/_markups/admin/components/IdenticonAvatar.Component.jsx
  Line 5:18:  'setBuffer' is assigned a value but never used  no-unused-vars

src/jsx/_markups/admin/components/ModalForm.Component.jsx
  Line 1:10:  'Row' is defined but never used  no-unused-vars
  Line 1:15:  'Col' is defined but never used  no-unused-vars

src/jsx/_markups/admin/components/TableGenerator.Component.jsx
  Line 10:8:   'useToggler' is defined but never used                                                                                   no-unused-vars
  Line 28:35:  'checkedAll' is assigned a value but never used                                                                          no-unused-vars
  Line 35:12:  'onPageChange' is defined but never used                                                                                 no-unused-vars
  Line 79:6:   React Hook useEffect has missing dependencies: 'mapping' and 'omit'. Either include them or remove the dependency array  react-hooks/exhaustive-deps

src/jsx/_markups/admin/index.js
  Line 1:29:  'useState' is defined but never used         no-unused-vars
  Line 1:39:  'useEffect' is defined but never used        no-unused-vars
  Line 19:8:  '_actions' is defined but never used         no-unused-vars
  Line 31:9:  'notice' is assigned a value but never used  no-unused-vars

src/jsx/_markups/admin/layouts/nav/Header.js
  Line 14:17:  Unexpected empty object pattern  no-empty-pattern

src/jsx/_markups/admin/pages/admin_bank_details.js
  Line 2:8:    'AdminBankDetailsTable' is defined but never used                                                                   no-unused-vars
  Line 3:8:    'EmptyRecord' is defined but never used                                                                             no-unused-vars
  Line 13:15:  'error' is assigned a value but never used                                                                          no-unused-vars
  Line 18:6:   React Hook useEffect has a missing dependency: 'dispatchRequest'. Either include it or remove the dependency array  react-hooks/exhaustive-deps
  Line 21:13:  'isModalOpen' is assigned a value but never used                                                                    no-unused-vars
  Line 22:13:  'onOpenModal' is assigned a value but never used                                                                    no-unused-vars
  Line 23:14:  'onModalClose' is assigned a value but never used                                                                   no-unused-vars
  Line 82:10:  'modificationForm' is defined but never used                                                                        no-unused-vars

src/jsx/_markups/admin/pages/advert_management.js
  Line 1:26:  'Button' is defined but never used                                                                                                                                                                                                                                                                                                                                no-unused-vars
  Line 2:10:  'Link' is defined but never used                                                                                                                                                                                                                                                                                                                                  no-unused-vars
  Line 92:7:  The href attribute requires a valid value to be accessible. Provide a valid, navigable address as the href value. If you cannot provide a valid href, but still need the element to resemble a link, use a button and change it with appropriate styles. Learn more: https://github.com/evcohen/eslint-plugin-jsx-a11y/blob/master/docs/rules/anchor-is-valid.md  jsx-a11y/anchor-is-valid

src/jsx/_markups/admin/pages/auth_kyc_certification.js
  Line 1:26:  'Button' is defined but never used  no-unused-vars

src/jsx/_markups/admin/pages/auth_security.js
  Line 1:26:   'Button' is defined but never used                                                                                                                                                                                                                                                                                                                                no-unused-vars
  Line 86:13:  The href attribute requires a valid value to be accessible. Provide a valid, navigable address as the href value. If you cannot provide a valid href, but still need the element to resemble a link, use a button and change it with appropriate styles. Learn more: https://github.com/evcohen/eslint-plugin-jsx-a11y/blob/master/docs/rules/anchor-is-valid.md  jsx-a11y/anchor-is-valid
  Line 90:13:  The href attribute requires a valid value to be accessible. Provide a valid, navigable address as the href value. If you cannot provide a valid href, but still need the element to resemble a link, use a button and change it with appropriate styles. Learn more: https://github.com/evcohen/eslint-plugin-jsx-a11y/blob/master/docs/rules/anchor-is-valid.md  jsx-a11y/anchor-is-valid

src/jsx/_markups/admin/pages/chat_history.js
  Line 1:26:  'Button' is defined but never used                                                                                                                                                                                                                                                                                                                                no-unused-vars
  Line 88:7:  The href attribute requires a valid value to be accessible. Provide a valid, navigable address as the href value. If you cannot provide a valid href, but still need the element to resemble a link, use a button and change it with appropriate styles. Learn more: https://github.com/evcohen/eslint-plugin-jsx-a11y/blob/master/docs/rules/anchor-is-valid.md  jsx-a11y/anchor-is-valid

src/jsx/_markups/admin/pages/chat_messenger.js
  Line 2:26:    'ListGroup' is defined but never used                                                                                                  no-unused-vars
  Line 3:10:    'Link' is defined but never used                                                                                                       no-unused-vars
  Line 10:8:    'avatar2' is defined but never used                                                                                                    no-unused-vars
  Line 11:8:    'avatar3' is defined but never used                                                                                                    no-unused-vars
  Line 12:8:    'avatar4' is defined but never used                                                                                                    no-unused-vars
  Line 13:8:    'avatar5' is defined but never used                                                                                                    no-unused-vars
  Line 258:7:   'scrollPosition' is assigned a value but never used                                                                                    no-unused-vars
  Line 259:25:  'setToggleChatBox' is assigned a value but never used                                                                                  no-unused-vars
  Line 320:6:   React Hook useEffect has missing dependencies: 'api' and 'handleSocketConnection'. Either include them or remove the dependency array  react-hooks/exhaustive-deps

src/jsx/_markups/admin/pages/currency_management.js
  Line 8:10:    'LinearProgress' is defined but never used                                                                                                                                                                                                                                                                                                                               no-unused-vars
  Line 8:26:    'TablePagination' is defined but never used                                                                                                                                                                                                                                                                                                                              no-unused-vars
  Line 16:15:   'error' is assigned a value but never used                                                                                                                                                                                                                                                                                                                               no-unused-vars
  Line 22:6:    React Hook useEffect has a missing dependency: 'dispatchRequest'. Either include it or remove the dependency array                                                                                                                                                                                                                                                       react-hooks/exhaustive-deps
  Line 49:9:    The href attribute is required for an anchor to be keyboard accessible. Provide a valid, navigable address as the href value. If you cannot provide an href, but still need the element to resemble a link, use a button and change it with appropriate styles. Learn more: https://github.com/evcohen/eslint-plugin-jsx-a11y/blob/master/docs/rules/anchor-is-valid.md  jsx-a11y/anchor-is-valid
  Line 53:7:    The href attribute requires a valid value to be accessible. Provide a valid, navigable address as the href value. If you cannot provide a valid href, but still need the element to resemble a link, use a button and change it with appropriate styles. Learn more: https://github.com/evcohen/eslint-plugin-jsx-a11y/blob/master/docs/rules/anchor-is-valid.md         jsx-a11y/anchor-is-valid
  Line 120:10:  'CurrencyTable' is defined but never used                                                                                                                                                                                                                                                                                                                                no-unused-vars
  Line 150:9:   The href attribute is required for an anchor to be keyboard accessible. Provide a valid, navigable address as the href value. If you cannot provide an href, but still need the element to resemble a link, use a button and change it with appropriate styles. Learn more: https://github.com/evcohen/eslint-plugin-jsx-a11y/blob/master/docs/rules/anchor-is-valid.md  jsx-a11y/anchor-is-valid
  Line 154:7:   The href attribute requires a valid value to be accessible. Provide a valid, navigable address as the href value. If you cannot provide a valid href, but still need the element to resemble a link, use a button and change it with appropriate styles. Learn more: https://github.com/evcohen/eslint-plugin-jsx-a11y/blob/master/docs/rules/anchor-is-valid.md         jsx-a11y/anchor-is-valid

src/jsx/_markups/admin/pages/index.js
  Line 5:10:  'useSelector' is defined but never used  no-unused-vars
  Line 5:23:  'useDispatch' is defined but never used  no-unused-vars

src/jsx/_markups/admin/pages/login.js
  Line 16:11:  'isFetching' is assigned a value but never used  no-unused-vars
  Line 47:19:  'from' is assigned a value but never used        no-unused-vars

src/jsx/_markups/admin/pages/order_management.js
  Line 3:26:  'Button' is defined but never used  no-unused-vars

src/jsx/_markups/admin/pages/p2p_disputes.js
  Line 2:26:  'Button' is defined but never used          no-unused-vars
  Line 71:9:  'check' is assigned a value but never used  no-unused-vars

src/jsx/_markups/admin/pages/p2p_trade_history.js
  Line 2:26:  'Button' is defined but never used  no-unused-vars

src/jsx/_markups/admin/pages/support.js
  Line 1:26:  'Button' is defined but never used                                                                                                                                                                                                                                                                                                                                no-unused-vars
  Line 1:34:  'Dropdown' is defined but never used                                                                                                                                                                                                                                                                                                                              no-unused-vars
  Line 2:10:  'Link' is defined but never used                                                                                                                                                                                                                                                                                                                                  no-unused-vars
  Line 65:7:  The href attribute requires a valid value to be accessible. Provide a valid, navigable address as the href value. If you cannot provide a valid href, but still need the element to resemble a link, use a button and change it with appropriate styles. Learn more: https://github.com/evcohen/eslint-plugin-jsx-a11y/blob/master/docs/rules/anchor-is-valid.md  jsx-a11y/anchor-is-valid
  Line 68:7:  The href attribute requires a valid value to be accessible. Provide a valid, navigable address as the href value. If you cannot provide a valid href, but still need the element to resemble a link, use a button and change it with appropriate styles. Learn more: https://github.com/evcohen/eslint-plugin-jsx-a11y/blob/master/docs/rules/anchor-is-valid.md  jsx-a11y/anchor-is-valid

src/jsx/_markups/admin/pages/user_balance.js
  Line 11:15:  'error' is assigned a value but never used                                                                          no-unused-vars
  Line 11:22:  'isFetching' is assigned a value but never used                                                                     no-unused-vars
  Line 17:6:   React Hook useEffect has a missing dependency: 'dispatchRequest'. Either include it or remove the dependency array  react-hooks/exhaustive-deps
  Line 39:10:  'UserBalanceTable' is defined but never used                                                                        no-unused-vars

src/jsx/_markups/admin/pages/user_information.js
  Line 1:21:    'useState' is defined but never used                                                                                                                                                                                                                                                                                                                              no-unused-vars
  Line 5:26:    'Button' is defined but never used                                                                                                                                                                                                                                                                                                                                no-unused-vars
  Line 5:34:    'Dropdown' is defined but never used                                                                                                                                                                                                                                                                                                                              no-unused-vars
  Line 5:44:    'Table' is defined but never used                                                                                                                                                                                                                                                                                                                                 no-unused-vars
  Line 63:15:   'error' is assigned a value but never used                                                                                                                                                                                                                                                                                                                        no-unused-vars
  Line 63:22:   'isFetching' is assigned a value but never used                                                                                                                                                                                                                                                                                                                   no-unused-vars
  Line 69:6:    React Hook useEffect has a missing dependency: 'dispatchRequest'. Either include it or remove the dependency array                                                                                                                                                                                                                                                react-hooks/exhaustive-deps
  Line 74:9:    The href attribute requires a valid value to be accessible. Provide a valid, navigable address as the href value. If you cannot provide a valid href, but still need the element to resemble a link, use a button and change it with appropriate styles. Learn more: https://github.com/evcohen/eslint-plugin-jsx-a11y/blob/master/docs/rules/anchor-is-valid.md  jsx-a11y/anchor-is-valid
  Line 77:9:    The href attribute requires a valid value to be accessible. Provide a valid, navigable address as the href value. If you cannot provide a valid href, but still need the element to resemble a link, use a button and change it with appropriate styles. Learn more: https://github.com/evcohen/eslint-plugin-jsx-a11y/blob/master/docs/rules/anchor-is-valid.md  jsx-a11y/anchor-is-valid
  Line 160:15:  'error' is assigned a value but never used                                                                                                                                                                                                                                                                                                                        no-unused-vars
  Line 160:22:  'isFetching' is assigned a value but never used                                                                                                                                                                                                                                                                                                                   no-unused-vars
  Line 166:6:   React Hook useEffect has a missing dependency: 'dispatchRequest'. Either include it or remove the dependency array                                                                                                                                                                                                                                                react-hooks/exhaustive-deps
  Line 168:9:   'actions' is assigned a value but never used                                                                                                                                                                                                                                                                                                                      no-unused-vars
  Line 171:9:   The href attribute requires a valid value to be accessible. Provide a valid, navigable address as the href value. If you cannot provide a valid href, but still need the element to resemble a link, use a button and change it with appropriate styles. Learn more: https://github.com/evcohen/eslint-plugin-jsx-a11y/blob/master/docs/rules/anchor-is-valid.md  jsx-a11y/anchor-is-valid
  Line 174:9:   The href attribute requires a valid value to be accessible. Provide a valid, navigable address as the href value. If you cannot provide a valid href, but still need the element to resemble a link, use a button and change it with appropriate styles. Learn more: https://github.com/evcohen/eslint-plugin-jsx-a11y/blob/master/docs/rules/anchor-is-valid.md  jsx-a11y/anchor-is-valid

src/jsx/_markups/admin/pages/user_kyc_management.js
  Line 90:7:  The href attribute requires a valid value to be accessible. Provide a valid, navigable address as the href value. If you cannot provide a valid href, but still need the element to resemble a link, use a button and change it with appropriate styles. Learn more: https://github.com/evcohen/eslint-plugin-jsx-a11y/blob/master/docs/rules/anchor-is-valid.md  jsx-a11y/anchor-is-valid
  Line 93:7:  The href attribute requires a valid value to be accessible. Provide a valid, navigable address as the href value. If you cannot provide a valid href, but still need the element to resemble a link, use a button and change it with appropriate styles. Learn more: https://github.com/evcohen/eslint-plugin-jsx-a11y/blob/master/docs/rules/anchor-is-valid.md  jsx-a11y/anchor-is-valid

src/jsx/_markups/admin/pages/user_management.js
  Line 27:15:   'error' is assigned a value but never used                                                                          no-unused-vars
  Line 27:22:   'isFetching' is assigned a value but never used                                                                     no-unused-vars
  Line 33:6:    React Hook useEffect has a missing dependency: 'dispatchRequest'. Either include it or remove the dependency array  react-hooks/exhaustive-deps
  Line 211:26:  Expected '===' and instead saw '=='                                                                                 eqeqeq

src/jsx/_markups/admin/pages/user_referrals.js
  Line 92:15:  The href attribute requires a valid value to be accessible. Provide a valid, navigable address as the href value. If you cannot provide a valid href, but still need the element to resemble a link, use a button and change it with appropriate styles. Learn more: https://github.com/evcohen/eslint-plugin-jsx-a11y/blob/master/docs/rules/anchor-is-valid.md  jsx-a11y/anchor-is-valid
  Line 95:15:  The href attribute requires a valid value to be accessible. Provide a valid, navigable address as the href value. If you cannot provide a valid href, but still need the element to resemble a link, use a button and change it with appropriate styles. Learn more: https://github.com/evcohen/eslint-plugin-jsx-a11y/blob/master/docs/rules/anchor-is-valid.md  jsx-a11y/anchor-is-valid

src/jsx/_markups/admin/pages/user_secession.js
  Line 13:8:   'avartar1' is defined but never used                                                                                                                                                                                                                                                                                                                              no-unused-vars
  Line 14:8:   'styled' is defined but never used                                                                                                                                                                                                                                                                                                                                no-unused-vars
  Line 72:9:   'drop' is assigned a value but never used                                                                                                                                                                                                                                                                                                                         no-unused-vars
  Line 232:7:  Anchors must have content and the content must be accessible by a screen reader                                                                                                                                                                                                                                                                                   jsx-a11y/anchor-has-content
  Line 232:7:  The href attribute requires a valid value to be accessible. Provide a valid, navigable address as the href value. If you cannot provide a valid href, but still need the element to resemble a link, use a button and change it with appropriate styles. Learn more: https://github.com/evcohen/eslint-plugin-jsx-a11y/blob/master/docs/rules/anchor-is-valid.md  jsx-a11y/anchor-is-valid
  Line 233:7:  Anchors must have content and the content must be accessible by a screen reader                                                                                                                                                                                                                                                                                   jsx-a11y/anchor-has-content
  Line 233:7:  The href attribute requires a valid value to be accessible. Provide a valid, navigable address as the href value. If you cannot provide a valid href, but still need the element to resemble a link, use a button and change it with appropriate styles. Learn more: https://github.com/evcohen/eslint-plugin-jsx-a11y/blob/master/docs/rules/anchor-is-valid.md  jsx-a11y/anchor-is-valid

src/jsx/_markups/admin/pages/user_session_history.js
  Line 1:21:   'useState' is defined but never used                                                                                no-unused-vars
  Line 2:26:   'Button' is defined but never used                                                                                  no-unused-vars
  Line 2:34:   'Dropdown' is defined but never used                                                                                no-unused-vars
  Line 2:44:   'Table' is defined but never used                                                                                   no-unused-vars
  Line 30:15:  'error' is assigned a value but never used                                                                          no-unused-vars
  Line 30:22:  'isFetching' is assigned a value but never used                                                                     no-unused-vars
  Line 35:6:   React Hook useEffect has a missing dependency: 'dispatchRequest'. Either include it or remove the dependency array  react-hooks/exhaustive-deps
  Line 62:19:  'date' is assigned a value but never used                                                                           no-unused-vars

src/jsx/_markups/admin/pages/wallet_deposits.js
  Line 1:26:   'Button' is defined but never used                                                                                                                                                                                                                                                                                                                                no-unused-vars
  Line 4:8:    'useTableSelector' is defined but never used                                                                                                                                                                                                                                                                                                                      no-unused-vars
  Line 5:10:   'LinearProgress' is defined but never used                                                                                                                                                                                                                                                                                                                        no-unused-vars
  Line 5:26:   'TablePagination' is defined but never used                                                                                                                                                                                                                                                                                                                       no-unused-vars
  Line 9:8:    'EmptyRecord' is defined but never used                                                                                                                                                                                                                                                                                                                           no-unused-vars
  Line 13:9:   'data' is assigned a value but never used                                                                                                                                                                                                                                                                                                                         no-unused-vars
  Line 13:15:  'error' is assigned a value but never used                                                                                                                                                                                                                                                                                                                        no-unused-vars
  Line 13:22:  'isFetching' is assigned a value but never used                                                                                                                                                                                                                                                                                                                   no-unused-vars
  Line 24:6:   React Hook useEffect has a missing dependency: 'dispatchRequest'. Either include it or remove the dependency array                                                                                                                                                                                                                                                react-hooks/exhaustive-deps
  Line 27:13:  'isModalOpen' is assigned a value but never used                                                                                                                                                                                                                                                                                                                  no-unused-vars
  Line 28:13:  'onOpenModal' is assigned a value but never used                                                                                                                                                                                                                                                                                                                  no-unused-vars
  Line 29:14:  'onModalClose' is assigned a value but never used                                                                                                                                                                                                                                                                                                                 no-unused-vars
  Line 114:7:  The href attribute requires a valid value to be accessible. Provide a valid, navigable address as the href value. If you cannot provide a valid href, but still need the element to resemble a link, use a button and change it with appropriate styles. Learn more: https://github.com/evcohen/eslint-plugin-jsx-a11y/blob/master/docs/rules/anchor-is-valid.md  jsx-a11y/anchor-is-valid

src/jsx/_markups/admin/pages/walllet_withdrawals.js
  Line 1:26:   'Button' is defined but never used                                                                                                                                                                                                                                                                                                                                no-unused-vars
  Line 4:8:    'useTableSelector' is defined but never used                                                                                                                                                                                                                                                                                                                      no-unused-vars
  Line 5:10:   'LinearProgress' is defined but never used                                                                                                                                                                                                                                                                                                                        no-unused-vars
  Line 5:26:   'TablePagination' is defined but never used                                                                                                                                                                                                                                                                                                                       no-unused-vars
  Line 9:8:    'EmptyRecord' is defined but never used                                                                                                                                                                                                                                                                                                                           no-unused-vars
  Line 13:9:   'data' is assigned a value but never used                                                                                                                                                                                                                                                                                                                         no-unused-vars
  Line 13:15:  'error' is assigned a value but never used                                                                                                                                                                                                                                                                                                                        no-unused-vars
  Line 13:22:  'isFetching' is assigned a value but never used                                                                                                                                                                                                                                                                                                                   no-unused-vars
  Line 24:6:   React Hook useEffect has a missing dependency: 'dispatchRequest'. Either include it or remove the dependency array                                                                                                                                                                                                                                                react-hooks/exhaustive-deps
  Line 27:13:  'isModalOpen' is assigned a value but never used                                                                                                                                                                                                                                                                                                                  no-unused-vars
  Line 28:13:  'onOpenModal' is assigned a value but never used                                                                                                                                                                                                                                                                                                                  no-unused-vars
  Line 29:14:  'onModalClose' is assigned a value but never used                                                                                                                                                                                                                                                                                                                 no-unused-vars
  Line 114:7:  The href attribute requires a valid value to be accessible. Provide a valid, navigable address as the href value. If you cannot provide a valid href, but still need the element to resemble a link, use a button and change it with appropriate styles. Learn more: https://github.com/evcohen/eslint-plugin-jsx-a11y/blob/master/docs/rules/anchor-is-valid.md  jsx-a11y/anchor-is-valid

src/jsx/_markups/guest/routes.js
  Line 2:8:  'Login' is defined but never used     no-unused-vars
  Line 3:8:  'Error404' is defined but never used  no-unused-vars

src/jsx/_services/group.service.js
  Line 276:16:  'getSupportTicket' is defined but never used     no-unused-vars
  Line 288:16:  'updateSupportTicket' is defined but never used  no-unused-vars
  Line 308:16:  'getAdvert' is defined but never used            no-unused-vars
  Line 322:16:  'getTrades' is defined but never used            no-unused-vars
  Line 337:16:  'getPolicy' is defined but never used            no-unused-vars
  Line 352:16:  'getReferrals' is defined but never used         no-unused-vars

src/jsx/index.js
  Line 4:50:  'Link' is defined but never used              no-unused-vars
  Line 12:3:  'history' is assigned a value but never used  no-unused-vars

Search for the keywords to learn more about each warning.
To ignore, add // eslint-disable-next-line to the line before.

File sizes after gzip:

  506.72 KB  build/static/js/2.5c88e8a5.chunk.js
  195.12 KB  build/static/css/main.1943a747.chunk.css
  122.54 KB  build/static/js/3.607acc95.chunk.js
  36.65 KB   build/static/js/main.6587b3e5.chunk.js
  1.71 KB    build/static/js/5.d5c995fd.chunk.js
  1.19 KB    build/static/js/runtime-main.3ea911b3.js
  848 B      build/static/js/4.235444a4.chunk.js

The project was built assuming it is hosted at ./.
You can control this with the homepage field in your package.json.

The build folder is ready to be deployed.

Find out more about deployment here:

  https://cra.link/deployment

Done in 55.74s.
